0 info it worked if it ends with ok
1 verbose cli [ '/Users/mingxuanli/.nvm/v0.10.48/bin/node',
1 verbose cli   '/Users/mingxuanli/.nvm/v0.10.48/bin/npm',
1 verbose cli   'run',
1 verbose cli   'calendar-analysis' ]
2 info using npm@2.15.1
3 info using node@v0.10.48
4 verbose run-script [ 'precalendar-analysis',
4 verbose run-script   'calendar-analysis',
4 verbose run-script   'postcalendar-analysis' ]
5 info precalendar-analysis comp5048-usa-flights-visualisation@1.0.0
6 info calendar-analysis comp5048-usa-flights-visualisation@1.0.0
7 verbose unsafe-perm in lifecycle true
8 info comp5048-usa-flights-visualisation@1.0.0 Failed to exec calendar-analysis script
9 verbose stack Error: comp5048-usa-flights-visualisation@1.0.0 calendar-analysis: `node ./src/calendar.js`
9 verbose stack Exit status 8
9 verbose stack     at EventEmitter.<anonymous> (/Users/mingxuanli/.nvm/v0.10.48/lib/node_modules/npm/lib/utils/lifecycle.js:217:16)
9 verbose stack     at EventEmitter.emit (events.js:98:17)
9 verbose stack     at ChildProcess.<anonymous> (/Users/mingxuanli/.nvm/v0.10.48/lib/node_modules/npm/lib/utils/spawn.js:24:14)
9 verbose stack     at ChildProcess.emit (events.js:98:17)
9 verbose stack     at maybeClose (child_process.js:766:16)
9 verbose stack     at Process.ChildProcess._handle.onexit (child_process.js:833:5)
10 verbose pkgid comp5048-usa-flights-visualisation@1.0.0
11 verbose cwd /Users/mingxuanli/repo/usyd/comp5048-usa-flights-visualisation
12 error Darwin 16.7.0
13 error argv "/Users/mingxuanli/.nvm/v0.10.48/bin/node" "/Users/mingxuanli/.nvm/v0.10.48/bin/npm" "run" "calendar-analysis"
14 error node v0.10.48
15 error npm  v2.15.1
16 error code ELIFECYCLE
17 error comp5048-usa-flights-visualisation@1.0.0 calendar-analysis: `node ./src/calendar.js`
17 error Exit status 8
18 error Failed at the comp5048-usa-flights-visualisation@1.0.0 calendar-analysis script 'node ./src/calendar.js'.
18 error This is most likely a problem with the comp5048-usa-flights-visualisation package,
18 error not with npm itself.
18 error Tell the author that this fails on your system:
18 error     node ./src/calendar.js
18 error You can get information on how to open an issue for this project with:
18 error     npm bugs comp5048-usa-flights-visualisation
18 error Or if that isn't available, you can get their info via:
18 error
18 error     npm owner ls comp5048-usa-flights-visualisation
18 error There is likely additional logging output above.
19 verbose exit [ 1, true ]
